Building DAG of jobs...
Using shell: /usr/bin/bash
Provided cores: 24
Rules claiming more threads will be scaled down.
Job counts:
	count	jobs
	1	DTW
	1
Select jobs to execute...

[Tue Apr 20 14:25:30 2021]
rule DTW:
    output: output/WTS3/DTW/normalize_1/all/SampleNumber_5/DTW.png, output/WTS3/DTW/normalize_1/all/SampleNumber_5/DTW.RData
    log: logs/WTS3/DTW/normalize_1/all/SampleNumber_5/DTW.log
    jobid: 0
    benchmark: benchmarks/WTS3/DTW/normalize_1/all/SampleNumber_5/DTW.txt
    wildcards: N=5
    resources: mem_gb=200

Activating conda environment: /data2/yamaken/WormTimeSeries/.snakemake/conda/31def21c
[Tue Apr 20 14:25:48 2021]
Error in rule DTW:
    jobid: 0
    output: output/WTS3/DTW/normalize_1/all/SampleNumber_5/DTW.png, output/WTS3/DTW/normalize_1/all/SampleNumber_5/DTW.RData
    log: logs/WTS3/DTW/normalize_1/all/SampleNumber_5/DTW.log (check log file(s) for error message)
    conda-env: /data2/yamaken/WormTimeSeries/.snakemake/conda/31def21c
    shell:
        src/WTS3_DTW.sh 5 output/WTS3/DTW/normalize_1/all/SampleNumber_5/DTW.png output/WTS3/DTW/normalize_1/all/SampleNumber_5/DTW.RData >& logs/WTS3/DTW/normalize_1/all/SampleNumber_5/DTW.log
        (one of the commands exited with non-zero exit code; note that snakemake uses bash strict mode!)

Shutting down, this might take some time.
Exiting because a job execution failed. Look above for error message
